# JRE version: OpenJDK Runtime Environment Temurin-17.0.6+10 (17.0.6+10) (build 17.0.6+10)
# Java VM: OpenJDK 64-Bit Server VM Temurin-17.0.6+10 (17.0.6+10, mixed mode, emulated-client, tiered, compressed oops, compressed class ptrs, g1 gc, windows-amd64)
GC Precious Log:
 CPUs: 8 total, 8 available
 Memory: 6030M
 Large Page Support: Disabled
 NUMA Support: Disabled
 Compressed Oops: Enabled (32-bit)
 Heap Region Size: 1M
 Heap Min Capacity: 8M
 Heap Initial Capacity: 96M
 Heap Max Capacity: 1G
 Pre-touch: Disabled
 Parallel Workers: 8
 Concurrent Workers: 2
 Concurrent Refinement Workers: 8
 Periodic GC: Disabled
Heap:
 garbage-first heap   total 130048K, used 55839K [0x00000000c0000000, 0x0000000100000000)
  region size 1024K, 18 young (18432K), 0 survivors (0K)
 Metaspace       used 68695K, committed 69120K, reserved 1114112K
  class space    used 9321K, committed 9536K, reserved 1048576K
GC Heap History (20 events):
Event: 28172.838 GC heap before
{Heap before GC invocations=2381 (full 2334):
 garbage-first heap   total 130048K, used 38432K [0x00000000c0000000, 0x0000000100000000)
  region size 1024K, 1 young (1024K), 0 survivors (0K)
 Metaspace       used 68695K, committed 69120K, reserved 1114112K
  class space    used 9321K, committed 9536K, reserved 1048576K
}
Event: 28172.894 GC heap after
{Heap after GC invocations=2382 (full 2335):
 garbage-first heap   total 130048K, used 38432K [0x00000000c0000000, 0x0000000100000000)
  region size 1024K, 0 young (0K), 0 survivors (0K)
 Metaspace       used 68695K, committed 69120K, reserved 1114112K
  class space    used 9321K, committed 9536K, reserved 1048576K
}
Event: 28183.224 GC heap before
{Heap before GC invocations=2382 (full 2335):
 garbage-first heap   total 130048K, used 38432K [0x00000000c0000000, 0x0000000100000000)
  region size 1024K, 1 young (1024K), 0 survivors (0K)
 Metaspace       used 68695K, committed 69120K, reserved 1114112K
  class space    used 9321K, committed 9536K, reserved 1048576K
}
Event: 28183.289 GC heap after
{Heap after GC invocations=2383 (full 2336):
 garbage-first heap   total 130048K, used 38432K [0x00000000c0000000, 0x0000000100000000)
  region size 1024K, 0 young (0K), 0 survivors (0K)
 Metaspace       used 68695K, committed 69120K, reserved 1114112K
  class space    used 9321K, committed 9536K, reserved 1048576K
}
Event: 28273.726 GC heap before
{Heap before GC invocations=2383 (full 2336):
 garbage-first heap   total 130048K, used 47648K [0x00000000c0000000, 0x0000000100000000)
  region size 1024K, 10 young (10240K), 0 survivors (0K)
 Metaspace       used 68695K, committed 69120K, reserved 1114112K
  class space    used 9321K, committed 9536K, reserved 1048576K
}
Event: 28273.888 GC heap after
{Heap after GC invocations=2384 (full 2337):
 garbage-first heap   total 130048K, used 38432K [0x00000000c0000000, 0x0000000100000000)
  region size 1024K, 0 young (0K), 0 survivors (0K)
 Metaspace       used 68695K, committed 69120K, reserved 1114112K
  class space    used 9321K, committed 9536K, reserved 1048576K
}
Event: 28284.235 GC heap before
{Heap before GC invocations=2384 (full 2337):
 garbage-first heap   total 130048K, used 38432K [0x00000000c0000000, 0x0000000100000000)
  region size 1024K, 1 young (1024K), 0 survivors (0K)
 Metaspace       used 68695K, committed 69120K, reserved 1114112K
  class space    used 9321K, committed 9536K, reserved 1048576K
}
Event: 28284.300 GC heap after
{Heap after GC invocations=2385 (full 2338):
 garbage-first heap   total 130048K, used 38432K [0x00000000c0000000, 0x0000000100000000)
  region size 1024K, 0 young (0K), 0 survivors (0K)
 Metaspace       used 68695K, committed 69120K, reserved 1114112K
  class space    used 9321K, committed 9536K, reserved 1048576K
}
Event: 28294.654 GC heap before
{Heap before GC invocations=2385 (full 2338):
 garbage-first heap   total 130048K, used 38432K [0x00000000c0000000, 0x0000000100000000)
  region size 1024K, 1 young (1024K), 0 survivors (0K)
 Metaspace       used 68695K, committed 69120K, reserved 1114112K
  class space    used 9321K, committed 9536K, reserved 1048576K
}
Event: 28294.719 GC heap after
{Heap after GC invocations=2386 (full 2339):
 garbage-first heap   total 130048K, used 38431K [0x00000000c0000000, 0x0000000100000000)
  region size 1024K, 0 young (0K), 0 survivors (0K)
 Metaspace       used 68695K, committed 69120K, reserved 1114112K
  class space    used 9321K, committed 9536K, reserved 1048576K
}
Event: 28305.013 GC heap before
{Heap before GC invocations=2386 (full 2339):
 garbage-first heap   total 130048K, used 38431K [0x00000000c0000000, 0x0000000100000000)
  region size 1024K, 1 young (1024K), 0 survivors (0K)
 Metaspace       used 68695K, committed 69120K, reserved 1114112K
  class space    used 9321K, committed 9536K, reserved 1048576K
}
Event: 28305.074 GC heap after
{Heap after GC invocations=2387 (full 2340):
 garbage-first heap   total 130048K, used 38429K [0x00000000c0000000, 0x0000000100000000)
  region size 1024K, 0 young (0K), 0 survivors (0K)
 Metaspace       used 68695K, committed 69120K, reserved 1114112K
  class space    used 9321K, committed 9536K, reserved 1048576K
}
Event: 28315.411 GC heap before
{Heap before GC invocations=2387 (full 2340):
 garbage-first heap   total 130048K, used 38429K [0x00000000c0000000, 0x0000000100000000)
  region size 1024K, 1 young (1024K), 0 survivors (0K)
 Metaspace       used 68695K, committed 69120K, reserved 1114112K
  class space    used 9321K, committed 9536K, reserved 1048576K
}
Event: 28315.475 GC heap after
{Heap after GC invocations=2388 (full 2341):
 garbage-first heap   total 130048K, used 38429K [0x00000000c0000000, 0x0000000100000000)
  region size 1024K, 0 young (0K), 0 survivors (0K)
 Metaspace       used 68695K, committed 69120K, reserved 1114112K
  class space    used 9321K, committed 9536K, reserved 1048576K
}
Event: 28325.865 GC heap before
{Heap before GC invocations=2388 (full 2341):
 garbage-first heap   total 130048K, used 38429K [0x00000000c0000000, 0x0000000100000000)
  region size 1024K, 1 young (1024K), 0 survivors (0K)
 Metaspace       used 68695K, committed 69120K, reserved 1114112K
  class space    used 9321K, committed 9536K, reserved 1048576K
}
Event: 28326.133 GC heap after
{Heap after GC invocations=2389 (full 2342):
 garbage-first heap   total 130048K, used 38429K [0x00000000c0000000, 0x0000000100000000)
  region size 1024K, 0 young (0K), 0 survivors (0K)
 Metaspace       used 68695K, committed 69120K, reserved 1114112K
  class space    used 9321K, committed 9536K, reserved 1048576K
}
Event: 28386.650 GC heap before
{Heap before GC invocations=2389 (full 2342):
 garbage-first heap   total 130048K, used 44573K [0x00000000c0000000, 0x0000000100000000)
  region size 1024K, 7 young (7168K), 0 survivors (0K)
 Metaspace       used 68695K, committed 69120K, reserved 1114112K
  class space    used 9321K, committed 9536K, reserved 1048576K
}
Event: 28386.736 GC heap after
{Heap after GC invocations=2390 (full 2343):
 garbage-first heap   total 130048K, used 38431K [0x00000000c0000000, 0x0000000100000000)
  region size 1024K, 0 young (0K), 0 survivors (0K)
 Metaspace       used 68695K, committed 69120K, reserved 1114112K
  class space    used 9321K, committed 9536K, reserved 1048576K
}
Event: 28397.107 GC heap before
{Heap before GC invocations=2390 (full 2343):
 garbage-first heap   total 130048K, used 38431K [0x00000000c0000000, 0x0000000100000000)
  region size 1024K, 1 young (1024K), 0 survivors (0K)
 Metaspace       used 68695K, committed 69120K, reserved 1114112K
  class space    used 9321K, committed 9536K, reserved 1048576K
}
Event: 28397.165 GC heap after
{Heap after GC invocations=2391 (full 2344):
 garbage-first heap   total 130048K, used 38431K [0x00000000c0000000, 0x0000000100000000)
  region size 1024K, 0 young (0K), 0 survivors (0K)
 Metaspace       used 68695K, committed 69120K, reserved 1114112K
  class space    used 9321K, committed 9536K, reserved 1048576K
}

